04-05 00:36:00 replicate_layout.action_replicate_layout 305:Plugin executed on: 'win32'
04-05 00:36:00 replicate_layout.action_replicate_layout 306:Plugin executed with python version: '2.7.16 (default, Aug 15 2019, 17:51:40)  [GCC 9.2.0 64 bit (AMD64)]'
04-05 00:36:00 replicate_layout.action_replicate_layout 307:KiCad build version: (5.1.6)-1
04-05 00:36:00 replicate_layout.action_replicate_layout 308:Replicate layout plugin version: 70 started
04-05 00:36:00 replicate_layout.action_replicate_layout 340:Preparing replicator with IC7 as a reference
04-05 00:36:00 replicate_layout.replicatelayout 215:getting project hierarchy from schematics
04-05 00:36:00 replicate_layout.replicatelayout 217:Project hierarchy looks like:
{u'61C22798': [u'sheet61C22781', u'C:\\Users\\DDeGo\\Documents\\Drew\\Projects\\OSR-Prime-Control-Board\\pcb\\5160Driver.sch'], u'6081D33F': [u'5160Driver0', u'C:\\Users\\DDeGo\\Documents\\Drew\\Projects\\OSR-Prime-Control-Board\\pcb\\5160Driver.sch'], u'61BB23DB': [u'sheet61BB23C4', u'C:\\Users\\DDeGo\\Documents\\Drew\\Projects\\OSR-Prime-Control-Board\\pcb\\5160Driver.sch']}
04-05 00:36:00 replicate_layout.replicatelayout 225:getting a list of all footprints on board
04-05 00:36:00 replicate_layout.action_replicate_layout 367:source anchor footprint is u'IC7'
Located on:[u'sheet61C22781']
With filenames:[u'5160Driver.sch']
With sheet_id:[u'sheet61C22781']
04-05 00:36:00 replicate_layout.action_replicate_layout 371:Corresponding footprints are 
[(u'IC7', [u'sheet61C22781']), (u'IC6', [u'sheet61BB23C4']), (u'IC4', [u'5160Driver0'])]
04-05 00:36:00 replicate_layout.action_replicate_layout 384:Showing dialog
04-05 00:36:00 replicate_layout.action_replicate_layout 388:Pcbnew position: wx.Point(-7, 0)
04-05 00:36:00 replicate_layout.action_replicate_layout 394:Display 0: wx.Rect(0, 0, 3440, 1440)
04-05 00:36:00 replicate_layout.action_replicate_layout 398:Toolbar position: wx.Point(1979, 123)
04-05 00:36:00 replicate_layout.action_replicate_layout 405:Dialog position: wx.Point(1666, 123)
04-05 00:36:02 replicate_layout.replicatelayout 249:construcing a list of sheets suitable for replication on level:u'sheet61C22781', file:u'5160Driver.sch'
04-05 00:36:02 replicate_layout.replicatelayout 256:Source sheet path up to the level:[u'sheet61C22781']
04-05 00:36:02 replicate_layout.replicatelayout 260:Footprints on the sheets:
[u'IC7', u'IC6', u'IC4']
04-05 00:36:02 replicate_layout.replicatelayout 263:Footprints raw sheet ids:
[u'/61C22798/60934E6F', u'/61BB23DB/60934E6F', u'/6081D33F/60934E6F']
04-05 00:36:02 replicate_layout.replicatelayout 279:All sheets to replicate:
[[u'sheet61C22781'], [u'sheet61BB23C4'], [u'5160Driver0']]
04-05 00:36:02 replicate_layout.replicatelayout 284:All sheets to replicate sorted:
[[u'5160Driver0'], [u'sheet61BB23C4'], [u'sheet61C22781']]
04-05 00:36:02 replicate_layout.replicatelayout 290:All sheets to replicate sorted and without source sheet:
[[u'5160Driver0'], [u'sheet61BB23C4']]
04-05 00:36:09 replicate_layout.replicatelayout 249:construcing a list of sheets suitable for replication on level:u'sheet61C22781', file:u'5160Driver.sch'
04-05 00:36:09 replicate_layout.replicatelayout 256:Source sheet path up to the level:[u'sheet61C22781']
04-05 00:36:09 replicate_layout.replicatelayout 260:Footprints on the sheets:
[u'IC7', u'IC6', u'IC4']
04-05 00:36:09 replicate_layout.replicatelayout 263:Footprints raw sheet ids:
[u'/61C22798/60934E6F', u'/61BB23DB/60934E6F', u'/6081D33F/60934E6F']
04-05 00:36:09 replicate_layout.replicatelayout 279:All sheets to replicate:
[[u'sheet61C22781'], [u'sheet61BB23C4'], [u'5160Driver0']]
04-05 00:36:09 replicate_layout.replicatelayout 284:All sheets to replicate sorted:
[[u'5160Driver0'], [u'sheet61BB23C4'], [u'sheet61C22781']]
04-05 00:36:09 replicate_layout.replicatelayout 290:All sheets to replicate sorted and without source sheet:
[[u'5160Driver0'], [u'sheet61BB23C4']]
04-05 00:36:09 replicate_layout.action_replicate_layout 179:Replicating layout
04-05 00:36:09 replicate_layout.replicatelayout 994:Starting replication of sheets: [[u'5160Driver0'], [u'sheet61BB23C4']]
on level: [u'sheet61C22781']
with tracks=True, zone=True, text=True, containing=True, remove=True, locked=False
04-05 00:36:09 root 261:updating GUI message: 'Preparing for replication'
04-05 00:36:09 root 266:updating GUI with: 0
04-05 00:36:09 replicate_layout.replicatelayout 556:Getting the list of source footprints
04-05 00:36:09 replicate_layout.replicatelayout 560:Getting the list of all the remaining footprints
04-05 00:36:09 replicate_layout.replicatelayout 564:Getting nets local to source footprints
04-05 00:36:09 replicate_layout.replicatelayout 568:Getting source bounding box
04-05 00:36:09 root 266:updating GUI with: 37
04-05 00:36:09 replicate_layout.replicatelayout 572:Getting source tracks
04-05 00:36:09 replicate_layout.replicatelayout 576:Getting source zones
04-05 00:36:09 root 266:updating GUI with: 62
04-05 00:36:09 replicate_layout.replicatelayout 580:Getting source text items
04-05 00:36:09 replicate_layout.replicatelayout 584:Getting source text items
04-05 00:36:09 replicate_layout.replicatelayout 1022:Removing tracks and zones, before module placement
04-05 00:36:09 root 261:updating GUI message: 'Removing zones and tracks'
04-05 00:36:10 root 266:updating GUI with: 50
04-05 00:36:10 root 261:updating GUI message: 'Replicating footprints'
04-05 00:36:10 root 266:updating GUI with: 0
04-05 00:36:10 replicate_layout.replicatelayout 590:Replicating footprints
04-05 00:36:10 replicate_layout.replicatelayout 596:Replicating footprints on sheet [u'5160Driver0']
04-05 00:36:10 root 266:updating GUI with: 22
04-05 00:36:10 root 266:updating GUI with: 44
04-05 00:36:10 replicate_layout.replicatelayout 596:Replicating footprints on sheet [u'sheet61BB23C4']
04-05 00:36:10 root 266:updating GUI with: 69
04-05 00:36:10 root 266:updating GUI with: 93
04-05 00:36:10 replicate_layout.replicatelayout 1030:Removing tracks and zones, after module placement
04-05 00:36:10 root 261:updating GUI message: 'Removing zones and tracks'
04-05 00:36:10 root 266:updating GUI with: 50
04-05 00:36:10 root 261:updating GUI message: 'Replicating tracks'
04-05 00:36:10 root 266:updating GUI with: 0
04-05 00:36:10 replicate_layout.replicatelayout 720:Replicating tracks
04-05 00:36:10 replicate_layout.replicatelayout 726:Replicating tracks on sheet [u'5160Driver0']
04-05 00:36:10 root 266:updating GUI with: 0
04-05 00:36:10 replicate_layout.replicatelayout 726:Replicating tracks on sheet [u'sheet61BB23C4']
04-05 00:36:10 root 266:updating GUI with: 50
04-05 00:36:10 root 261:updating GUI message: 'Replicating zones'
04-05 00:36:10 replicate_layout.replicatelayout 771:Replicating zones
04-05 00:36:10 replicate_layout.replicatelayout 778:Replicating zones on sheet [u'5160Driver0']
04-05 00:36:10 root 266:updating GUI with: 5
04-05 00:36:10 replicate_layout.replicatelayout 778:Replicating zones on sheet [u'sheet61BB23C4']
04-05 00:36:10 root 266:updating GUI with: 55
04-05 00:36:10 root 261:updating GUI message: 'Replicating text'
04-05 00:36:10 replicate_layout.replicatelayout 837:Replicating text
04-05 00:36:10 replicate_layout.replicatelayout 844:Replicating text on sheet [u'5160Driver0']
04-05 00:36:10 replicate_layout.replicatelayout 844:Replicating text on sheet [u'sheet61BB23C4']
04-05 00:36:10 root 261:updating GUI message: 'Replicating drawings'
04-05 00:36:10 replicate_layout.replicatelayout 868:Replicating drawings
04-05 00:36:10 replicate_layout.replicatelayout 874:Replicating drawings on sheet [u'5160Driver0']
04-05 00:36:10 replicate_layout.replicatelayout 874:Replicating drawings on sheet [u'sheet61BB23C4']
04-05 00:36:10 root 261:updating GUI message: 'Removing duplicates'
04-05 00:36:10 replicate_layout.action_replicate_layout 201:Replication complete
